<?xml version="1.0" encoding="UTF-8"?>
<testng-results skipped="0" failed="0" ignored="0" total="1" passed="1">
  <reporter-output>
  </reporter-output>
  <suite name="webDriver" duration-ms="9209" started-at="2019-09-21T09:47:14Z" finished-at="2019-09-21T09:47:23Z">
    <groups>
    </groups>
    <test name="Tests" duration-ms="9209" started-at="2019-09-21T09:47:14Z" finished-at="2019-09-21T09:47:23Z">
      <class name="TestNG.addbook">
        <test-method status="PASS" signature="launch()[pri:0, instance:TestNG.addbook@18be83e4]" name="launch" is-config="true" duration-ms="6304" started-at="2019-09-21T09:47:14Z" finished-at="2019-09-21T09:47:20Z">
          <reporter-output>
          </reporter-output>
        </test-method> <!-- launch -->
        <test-method status="PASS" signature="verifyaddbook()[pri:0, instance:TestNG.addbook@18be83e4]" name="verifyaddbook" duration-ms="2878" started-at="2019-09-21T09:47:20Z" finished-at="2019-09-21T09:47:23Z">
          <reporter-output>
          </reporter-output>
        </test-method> <!-- verifyaddbook -->
        <test-method status="PASS" signature="close()[pri:0, instance:TestNG.addbook@18be83e4]" name="close" is-config="true" duration-ms="0" started-at="2019-09-21T09:47:23Z" finished-at="2019-09-21T09:47:23Z">
          <reporter-output>
          </reporter-output>
        </test-method> <!-- close -->
      </class> <!-- TestNG.addbook -->
    </test> <!-- Tests -->
  </suite> <!-- webDriver -->
</testng-results>
